d:\code\tim\duilib\debug\duilib_d.pch
d:\code\tim\duilib\debug\vc120.pdb
d:\code\tim\duilib\debug\vc120.idb
d:\code\tim\duilib\debug\stdafx.obj
d:\code\tim\duilib\debug\uiverticallayout.obj
d:\code\tim\duilib\debug\uiactivex.obj
d:\code\tim\duilib\debug\uibutton.obj
d:\code\tim\duilib\debug\uicheckbox.obj
d:\code\tim\duilib\debug\uicombo.obj
d:\code\tim\duilib\debug\uidatetime.obj
d:\code\tim\duilib\debug\uiedit.obj
d:\code\tim\duilib\debug\uiflash.obj
d:\code\tim\duilib\debug\uigifanim.obj
d:\code\tim\duilib\debug\uilabel.obj
d:\code\tim\duilib\debug\uilist.obj
d:\code\tim\duilib\debug\uimenu.obj
d:\code\tim\duilib\debug\uioption.obj
d:\code\tim\duilib\debug\uiprogress.obj
d:\code\tim\duilib\debug\uirichedit.obj
d:\code\tim\duilib\debug\uiscrollbar.obj
d:\code\tim\duilib\debug\uislider.obj
d:\code\tim\duilib\debug\uitext.obj
d:\code\tim\duilib\debug\uitreeview.obj
d:\code\tim\duilib\debug\uiwebbrowser.obj
d:\code\tim\duilib\debug\uilistex.obj
d:\code\tim\duilib\debug\uilistexnode.obj
d:\code\tim\duilib\debug\uilib.obj
d:\code\tim\duilib\debug\thirdparty.obj
d:\code\tim\duilib\debug\uidelegate.obj
d:\code\tim\duilib\debug\uishadow.obj
d:\code\tim\duilib\debug\utils.obj
d:\code\tim\duilib\debug\winimplbase.obj
d:\code\tim\duilib\debug\uibase.obj
d:\code\tim\duilib\debug\uicontainer.obj
d:\code\tim\duilib\debug\uicontrol.obj
d:\code\tim\duilib\debug\uidlgbuilder.obj
d:\code\tim\duilib\debug\uiimageattribute.obj
d:\code\tim\duilib\debug\uimanager.obj
d:\code\tim\duilib\debug\uimarkup.obj
d:\code\tim\duilib\debug\uirender.obj
d:\code\tim\duilib\debug\uichildlayout.obj
d:\code\tim\duilib\debug\uihorizontallayout.obj
d:\code\tim\duilib\debug\uitablayout.obj
d:\code\tim\duilib\debug\uitilelayout.obj
d:\code\tim\duilib\debug\uihead.obj
d:\code\tim\duilib\debug\stb_image.obj
d:\code\tim\duilib\debug\xunzip.obj
d:\code\tim\tim\duilib_d.lib
d:\code\tim\tim\duilib_d.exp
d:\code\tim\bin\duilib_d.dll
d:\code\tim\bin\duilib_d.pdb
d:\code\tim\duilib\..\bin\duilib_d.dll
d:\code\tim\duilib\debug\duilib.tlog\cl.command.1.tlog
d:\code\tim\duilib\debug\duilib.tlog\cl.read.1.tlog
d:\code\tim\duilib\debug\duilib.tlog\cl.write.1.tlog
d:\code\tim\duilib\debug\duilib.tlog\duilib.write.1u.tlog
d:\code\tim\duilib\debug\duilib.tlog\link.command.1.tlog
d:\code\tim\duilib\debug\duilib.tlog\link.read.1.tlog
d:\code\tim\duilib\debug\duilib.tlog\link.write.1.tlog
